<?xml version="1.0" encoding="utf-8"?><testsuites name="pytest tests"><testsuite name="pytest" errors="0" failures="0" skipped="0" tests="30" time="30.444" timestamp="2026-03-16T15:54:57.014412+00:00" hostname="agent-env-7d4c2ff0-6bb2-414c-ac11-6d76ada5d66d"><testcase classname="backend.tests.test_squash_coach_api.TestHealthCheck" name="test_health_endpoint" time="0.595" /><testcase classname="backend.tests.test_squash_coach_api.TestAuthRegister" name="test_register_success" time="0.434" /><testcase classname="backend.tests.test_squash_coach_api.TestAuthRegister" name="test_register_invalid_email" time="0.541" /><testcase classname="backend.tests.test_squash_coach_api.TestAuthRegister" name="test_register_short_password" time="0.427" /><testcase classname="backend.tests.test_squash_coach_api.TestAuthRegister" name="test_register_duplicate_email" time="0.868" /><testcase classname="backend.tests.test_squash_coach_api.TestAuthLogin" name="test_login_success" time="0.891" /><testcase classname="backend.tests.test_squash_coach_api.TestAuthLogin" name="test_login_wrong_password" time="0.878" /><testcase classname="backend.tests.test_squash_coach_api.TestAuthLogin" name="test_login_nonexistent_email" time="0.879" /><testcase classname="backend.tests.test_squash_coach_api.TestAuthForgotPassword" name="test_forgot_password_existing_user" time="0.887" /><testcase classname="backend.tests.test_squash_coach_api.TestAuthForgotPassword" name="test_forgot_password_nonexistent_user" time="0.442" /><testcase classname="backend.tests.test_squash_coach_api.TestAuthResetPassword" name="test_reset_password_invalid_code" time="0.443" /><testcase classname="backend.tests.test_squash_coach_api.TestAuthResetPassword" name="test_reset_password_short_password" time="0.450" /><testcase classname="backend.tests.test_squash_coach_api.TestPlayersWithNewFields" name="test_create_player_basic" time="0.893" /><testcase classname="backend.tests.test_squash_coach_api.TestPlayersWithNewFields" name="test_create_player_with_all_new_fields" time="0.883" /><testcase classname="backend.tests.test_squash_coach_api.TestPlayersWithNewFields" name="test_get_players_returns_new_fields" time="1.333" /><testcase classname="backend.tests.test_squash_coach_api.TestPlayersWithNewFields" name="test_create_player_without_auth" time="0.872" /><testcase classname="backend.tests.test_squash_coach_api.TestSyncWithNewFields" name="test_sync_players_with_new_fields" time="1.455" /><testcase classname="backend.tests.test_squash_coach_api.TestSyncWithNewFields" name="test_sync_full_match_data" time="0.893" /><testcase classname="backend.tests.test_squash_coach_api.TestSyncWithNewFields" name="test_sync_status" time="1.312" /><testcase classname="backend.tests.test_squash_coach_api.TestSyncWithNewFields" name="test_sync_status_without_auth" time="0.890" /><testcase classname="backend.tests.test_squash_coach_api.TestMatchDetail" name="test_get_match_detail" time="1.299" /><testcase classname="backend.tests.test_squash_coach_api.TestMatchDetail" name="test_get_match_not_found" time="1.313" /><testcase classname="backend.tests.test_squash_coach_api.TestDeleteAccount" name="test_delete_account_success" time="2.667" /><testcase classname="backend.tests.test_squash_coach_api.TestDeleteAccount" name="test_delete_account_without_auth" time="0.442" /><testcase classname="backend.tests.test_squash_coach_api.TestAuthMe" name="test_get_me_authenticated" time="0.851" /><testcase classname="backend.tests.test_squash_coach_api.TestAuthMe" name="test_get_me_without_auth" time="0.451" /><testcase classname="backend.tests.test_squash_coach_api.TestLogout" name="test_logout_success" time="1.299" /><testcase classname="backend.tests.test_squash_coach_api.TestWithProvidedCredentials" name="test_login_with_review_account" time="0.429" /><testcase classname="backend.tests.test_sync_flow" name="test_full_sync_and_restore_flow" time="3.529" /><testcase classname="backend.tests.test_sync_flow" name="test_duplicate_sync_no_duplicates" time="1.712" /></testsuite></testsuites>